<?xml version="1.0" encoding="UTF-8"?>
<!-- Generated by org.testng.reporters.JUnitXMLReporter -->
<testsuite ignored="0" hostname="DESKTOP-UEJILMQ" failures="0" tests="3" name="登录 功能" time="21.084" errors="0" timestamp="12 Aug 2020 01:48:53 GMT">
  <testcase classname="com.jxq.douban.function_test.VarifyLoginTest" name="testLogin_noNUll" time="11.865"/>
  <testcase classname="com.jxq.douban.function_test.VarifyLoginTest" name="testLogin_noNUll" time="6.747"/>
  <testcase classname="com.jxq.douban.function_test.VarifyLoginTest" name="testLogin_null" time="2.122"/>
</testsuite> <!-- 登录 功能 -->
